<?xml version="1.0" encoding="UTF-8"?>
<!-- Generated by org.testng.reporters.JUnitXMLReporter -->
<testsuite hostname="DESKTOP-GI36MBF" ignored="0" name="Default test" tests="4" failures="0" timestamp="10 Oct 2020 18:00:57 GMT" time="8.794" errors="0">
  <testcase name="TestRun2" time="4.132" classname="com.testNg.NewTest"/>
  <testcase name="TestRun3" time="0.117" classname="com.testNg.NewTest"/>
  <testcase name="TestRun4" time="1.108" classname="com.testNg.NewTest"/>
  <testcase name="TestRun5" time="0.043" classname="com.testNg.NewTest"/>
</testsuite> <!-- Default test -->
