<?xml version="1.0" encoding="UTF-8"?>
<!-- Generated by org.testng.reporters.JUnitXMLReporter -->
<testsuite hostname="DESKTOP-GI36MBF" ignored="0" name="Default test" tests="1" failures="1" timestamp="08 Oct 2020 15:22:34 GMT" time="7.598" errors="0">
  <testcase name="runScenario" time="7.36" classname="cucumber.api.testng.AbstractTestNGCucumberTests">
    <failure type="java.lang.NullPointerException">
      <![CDATA[java.lang.NullPointerException
at com.step.def.StepDefinitions.user_click_on_Signin_Buton(StepDefinitions.java:33)
at ✽.User click on Signin Buton(file:features/orange.feature:4)
]]>
    </failure>
  </testcase> <!-- runScenario -->
</testsuite> <!-- Default test -->
