<?xml version="1.0" encoding="UTF-8"?>
<!-- Generated by org.testng.reporters.JUnitReportReporter -->
<testsuite skipped="0" hostname="DESKTOP-GI36MBF" name="com.runnerFile.Test_Runner" tests="1" failures="0" timestamp="10 Oct 2020 17:59:41 GMT" time="6.325" errors="1">
  <testcase name="runScenario" time="6.325" classname="com.runnerFile.Test_Runner">
    <error type="java.lang.NullPointerException">
      <![CDATA[java.lang.NullPointerException
at com.step.def.StepDefinitions.user_click_on_Signin_Buton(StepDefinitions.java:33)
at ✽.User click on Signin Buton(file:features/orange.feature:4)
]]>
    </error>
  </testcase> <!-- runScenario -->
</testsuite> <!-- com.runnerFile.Test_Runner -->
