<?xml version="1.0" encoding="UTF-8"?>
<testng-results skipped="0" failed="0" ignored="0" total="4" passed="4">
  <reporter-output>
  </reporter-output>
  <suite name="Default suite" duration-ms="8794" started-at="2020-10-10T18:00:49Z" finished-at="2020-10-10T18:00:57Z">
    <groups>
    </groups>
    <test name="Default test" duration-ms="8794" started-at="2020-10-10T18:00:49Z" finished-at="2020-10-10T18:00:57Z">
      <class name="com.testNg.NewTest">
        <test-method status="PASS" signature="TestRun1()[pri:0, instance:com.testNg.NewTest@703580bf]" name="TestRun1" is-config="true" duration-ms="3331" started-at="2020-10-10T18:00:49Z" finished-at="2020-10-10T18:00:52Z">
          <reporter-output>
          </reporter-output>
        </test-method> <!-- TestRun1 -->
        <test-method status="PASS" signature="TestRun2()[pri:0, instance:com.testNg.NewTest@703580bf]" name="TestRun2" duration-ms="4132" started-at="2020-10-10T18:00:52Z" finished-at="2020-10-10T18:00:56Z">
          <reporter-output>
          </reporter-output>
        </test-method> <!-- TestRun2 -->
        <test-method status="PASS" signature="TestRun3()[pri:0, instance:com.testNg.NewTest@703580bf]" name="TestRun3" duration-ms="117" started-at="2020-10-10T18:00:56Z" finished-at="2020-10-10T18:00:56Z">
          <reporter-output>
          </reporter-output>
        </test-method> <!-- TestRun3 -->
        <test-method status="PASS" signature="TestRun4()[pri:0, instance:com.testNg.NewTest@703580bf]" name="TestRun4" duration-ms="1108" started-at="2020-10-10T18:00:56Z" finished-at="2020-10-10T18:00:57Z">
          <reporter-output>
          </reporter-output>
        </test-method> <!-- TestRun4 -->
        <test-method status="PASS" signature="TestRun5()[pri:0, instance:com.testNg.NewTest@703580bf]" name="TestRun5" duration-ms="43" started-at="2020-10-10T18:00:57Z" finished-at="2020-10-10T18:00:57Z">
          <reporter-output>
          </reporter-output>
        </test-method> <!-- TestRun5 -->
        <test-method status="PASS" signature="TestRun8()[pri:0, instance:com.testNg.NewTest@703580bf]" name="TestRun8" is-config="true" duration-ms="42" started-at="2020-10-10T18:00:57Z" finished-at="2020-10-10T18:00:57Z">
          <reporter-output>
          </reporter-output>
        </test-method> <!-- TestRun8 -->
      </class> <!-- com.testNg.NewTest -->
    </test> <!-- Default test -->
  </suite> <!-- Default suite -->
</testng-results>
