<?xml version="1.0" encoding="UTF-8"?>
<testng-results skipped="0" failed="1" ignored="0" total="1" passed="0">
  <reporter-output>
  </reporter-output>
  <suite name="Default suite" duration-ms="7598" started-at="2020-10-08T15:22:26Z" finished-at="2020-10-08T15:22:34Z">
    <groups>
      <group name="cucumber">
        <method signature="AbstractTestNGCucumberTests.runScenario(cucumber.api.testng.PickleEventWrapper, cucumber.api.testng.CucumberFeatureWrapper)[pri:0, instance:com.runnerFile.Test_Runner@6580cfdd]" name="runScenario" class="cucumber.api.testng.AbstractTestNGCucumberTests"/>
      </group> <!-- cucumber -->
    </groups>
    <test name="Default test" duration-ms="7598" started-at="2020-10-08T15:22:26Z" finished-at="2020-10-08T15:22:34Z">
      <class name="com.runnerFile.Test_Runner">
        <test-method status="PASS" signature="setUpClass()[pri:0, instance:com.runnerFile.Test_Runner@6580cfdd]" name="setUpClass" is-config="true" duration-ms="162" started-at="2020-10-08T15:22:26Z" finished-at="2020-10-08T15:22:26Z">
          <reporter-output>
          </reporter-output>
        </test-method> <!-- setUpClass -->
        <test-method status="FAIL" signature="runScenario(cucumber.api.testng.PickleEventWrapper, cucumber.api.testng.CucumberFeatureWrapper)[pri:0, instance:com.runnerFile.Test_Runner@6580cfdd]" name="runScenario" duration-ms="7360" started-at="2020-10-08T15:22:26Z" description="Runs Cucumber Scenarios" data-provider="scenarios" finished-at="2020-10-08T15:22:34Z">
          <params>
            <param index="0">
              <value>
                <![CDATA["Search Who are on Leave of the hrm office"]]>
              </value>
            </param>
            <param index="1">
              <value>
                <![CDATA["OrangeHrm"]]>
              </value>
            </param>
          </params>
          <exception class="java.lang.NullPointerException">
            <full-stacktrace>
              <![CDATA[java.lang.NullPointerException
at com.step.def.StepDefinitions.user_click_on_Signin_Buton(StepDefinitions.java:33)
at ✽.User click on Signin Buton(file:features/orange.feature:4)
]]>
            </full-stacktrace>
          </exception> <!-- java.lang.NullPointerException -->
          <reporter-output>
          </reporter-output>
        </test-method> <!-- runScenario -->
        <test-method status="PASS" signature="tearDownClass()[pri:0, instance:com.runnerFile.Test_Runner@6580cfdd]" name="tearDownClass" is-config="true" duration-ms="35" started-at="2020-10-08T15:22:34Z" finished-at="2020-10-08T15:22:34Z">
          <reporter-output>
          </reporter-output>
        </test-method> <!-- tearDownClass -->
      </class> <!-- com.runnerFile.Test_Runner -->
    </test> <!-- Default test -->
  </suite> <!-- Default suite -->
</testng-results>
